[debug] [2025-06-02T18:13:35.676Z] ----------------------------------------------------------------------
[debug] [2025-06-02T18:13:35.677Z] Command:       C:\Program Files\nodejs\node.exe C:\Users\samso\AppData\Roaming\npm\node_modules\firebase-tools\lib\bin\firebase.js functions:shell
[debug] [2025-06-02T18:13:35.678Z] CLI Version:   14.5.1
[debug] [2025-06-02T18:13:35.678Z] Platform:      win32
[debug] [2025-06-02T18:13:35.678Z] Node Version:  v20.18.0
[debug] [2025-06-02T18:13:35.678Z] Time:          Tue Jun 03 2025 02:13:35 GMT+0800 (Singapore Standard Time)
[debug] [2025-06-02T18:13:35.678Z] ----------------------------------------------------------------------
[debug] 
[debug] [2025-06-02T18:13:35.814Z] > command requires scopes: ["email","openid","https://www.googleapis.com/auth/cloudplatformprojects.readonly","https://www.googleapis.com/auth/firebase","https://www.googleapis.com/auth/cloud-platform"]
[debug] [2025-06-02T18:13:35.815Z] > authorizing via signed-in user (samsonite8503@gmail.com)
[debug] [2025-06-02T18:13:35.815Z] [iam] checking project slashit-8f9be for permissions ["firebase.projects.get"]
[debug] [2025-06-02T18:13:35.816Z] Checked if tokens are valid: true, expires at: 1748891592873
[debug] [2025-06-02T18:13:35.816Z] Checked if tokens are valid: true, expires at: 1748891592873
[debug] [2025-06-02T18:13:35.816Z] >>> [apiv2][query] POST https://cloudresourcemanager.googleapis.com/v1/projects/slashit-8f9be:testIamPermissions [none]
[debug] [2025-06-02T18:13:35.816Z] >>> [apiv2][(partial)header] POST https://cloudresourcemanager.googleapis.com/v1/projects/slashit-8f9be:testIamPermissions x-goog-quota-user=projects/slashit-8f9be
[debug] [2025-06-02T18:13:35.817Z] >>> [apiv2][body] POST https://cloudresourcemanager.googleapis.com/v1/projects/slashit-8f9be:testIamPermissions {"permissions":["firebase.projects.get"]}
[debug] [2025-06-02T18:13:36.940Z] <<< [apiv2][status] POST https://cloudresourcemanager.googleapis.com/v1/projects/slashit-8f9be:testIamPermissions 200
[debug] [2025-06-02T18:13:36.941Z] <<< [apiv2][body] POST https://cloudresourcemanager.googleapis.com/v1/projects/slashit-8f9be:testIamPermissions {"permissions":["firebase.projects.get"]}
[debug] [2025-06-02T18:13:36.948Z] [functions] Functions Emulator only supports listening on one address (127.0.0.1). Not listening on ::1
[debug] [2025-06-02T18:13:36.974Z] defaultcredentials: writing to file C:\Users\samso\AppData\Roaming\firebase\samsonite8503_gmail_com_application_default_credentials.json
[debug] [2025-06-02T18:13:36.979Z] DEBUG: Setting GAC to C:\Users\samso\AppData\Roaming\firebase\samsonite8503_gmail_com_application_default_credentials.json
[debug] [2025-06-02T18:13:36.980Z] Checked if tokens are valid: true, expires at: 1748891592873
[debug] [2025-06-02T18:13:36.980Z] Checked if tokens are valid: true, expires at: 1748891592873
[debug] [2025-06-02T18:13:36.980Z] >>> [apiv2][query] GET https://firebase.googleapis.com/v1beta1/projects/slashit-8f9be/adminSdkConfig [none]
[debug] [2025-06-02T18:13:37.547Z] <<< [apiv2][status] GET https://firebase.googleapis.com/v1beta1/projects/slashit-8f9be/adminSdkConfig 200
[debug] [2025-06-02T18:13:37.547Z] <<< [apiv2][body] GET https://firebase.googleapis.com/v1beta1/projects/slashit-8f9be/adminSdkConfig {"projectId":"slashit-8f9be","storageBucket":"slashit-8f9be.firebasestorage.app"}
[debug] [2025-06-02T18:13:37.596Z] [functions] Watching "C:\Users\samso\OneDrive\Desktop\coding\orbital\slash-it\functions" for Cloud Functions...
